Permission denied, please try again.
HEAD is now at 7c1180c Cambios del bot
From https://github.com/vegettababy14-commits/discord-bot
 * branch            main       -> FETCH_HEAD
   7c1180c..6aa1697  main       -> origin/main
Updating 7c1180c..6aa1697
Fast-forward
 index.js   |  2 +-
 output.log | 21 ++++++++++-----------
 2 files changed, 11 insertions(+), 12 deletions(-)
 Container bot-bot-1  Stopping
 Container bot-bot-1  Stopped
 Container bot-bot-1  Removing
 Container bot-bot-1  Removed
 Network bot_default  Removing
 Network bot_default  Removed
#1 [bot internal] load build definition from Dockerfile
#1 transferring dockerfile: 145B done
#1 DONE 0.0s

#2 [bot internal] load metadata for docker.io/library/node:20-slim
#2 DONE 0.0s

#3 [bot internal] load .dockerignore
#3 transferring context: 2B done
#3 DONE 0.0s

#4 [bot 1/5] FROM docker.io/library/node:20-slim
#4 DONE 0.0s

#5 [bot internal] load build context
#5 transferring context: 278.77kB 0.2s done
#5 DONE 0.2s

#6 [bot 2/5] WORKDIR /app
#6 CACHED

#7 [bot 3/5] COPY package*.json ./
#7 CACHED

#8 [bot 4/5] RUN npm install
#8 CACHED

#9 [bot 5/5] COPY . .
#9 DONE 1.9s

#10 [bot] exporting to image
#10 exporting layers
#10 exporting layers 1.1s done
#10 writing image sha256:17143977ae140696bfa8c668be0536043264e8b86636c144f52cfba8efaad421 done
#10 naming to docker.io/library/bot-bot done
#10 DONE 1.1s
 Network bot_default  Creating
 Network bot_default  Created
 Container bot-bot-1  Creating
 Container bot-bot-1  Created
 Container bot-bot-1  Starting
 Container bot-bot-1  Started
Bot actualizado y contenedor reiniciado correctamente.
